0 info it worked if it ends with ok
1 verbose cli [ 'D:\\Program Files\\nodejs\\node.exe',
1 verbose cli   'C:\\Users\\DDiscua\\AppData\\Roaming\\npm\\node_modules\\npm\\bin\\npm-cli.js',
1 verbose cli   'start' ]
2 info using npm@3.3.12
3 info using node@v4.4.7
4 verbose run-script [ 'prestart', 'start', 'poststart' ]
5 info lifecycle client@1.0.0~prestart: client@1.0.0
6 verbose lifecycle client@1.0.0~prestart: unsafe-perm in lifecycle true
7 verbose lifecycle client@1.0.0~prestart: PATH: C:\Users\DDiscua\AppData\Roaming\npm\node_modules\npm\bin\node-gyp-bin;C:\Users\DDiscua\Desktop\DILOYA\DiloYa-Frontend\node_modules\.bin;C:\Users\DDiscua\bin;D:\Program Files\Git\mingw64\bin;D:\Program Files\Git\usr\local\bin;D:\Program Files\Git\usr\bin;D:\Program Files\Git\usr\bin;D:\Program Files\Git\mingw64\bin;D:\Program Files\Git\usr\bin;C:\Users\DDiscua\bin;C:\ProgramData\Oracle\Java\javapath;C:\Program Files (x86)\Intel\iCLS Client;C:\Program Files\Intel\iCLS Client;C:\Windows\system32;C:\Windows;C:\Windows\System32\Wbem;C:\Windows\System32\WindowsPowerShell\v1.0;C:\Program Files (x86)\Intel\Intel(R) Management Engine Components\DAL;C:\Program Files\Intel\Intel(R) Management Engine Components\DAL;C:\Program Files (x86)\Intel\Intel(R) Management Engine Components\IPT;C:\Program Files\Intel\Intel(R) Management Engine Components\IPT;C:\Program Files (x86)\NVIDIA Corporation\PhysX\Common;C:\Program Files\Intel\WiFi\bin;C:\Program Files\Common Files\Intel\WirelessCommon;C:\WINDOWS\system32\config\systemprofile\.dnx\bin;C:\Program Files\Microsoft DNX\Dnvm;C:\Program Files\Microsoft SQL Server\120\Tools\Binn;D:\Program Files\nodejs;D:\Program Files\Git\cmd;C:\Program Files (x86)\Windows Kits\8.1\Windows Performance Toolkit;C:\Program Files (x86)\GtkSharp\2.12\bin;D:\Users\DDiscua\AppData\Local\Android\sdk\platform-tools;D:\Users\DDiscua\AppData\Local\Android\sdk\tools;C:\WINDOWS\system32;C:\WINDOWS;C:\WINDOWS\System32\Wbem;C:\WINDOWS\System32\WindowsPowerShell\v1.0;D:\Bimbozz\USUARIO\Memoria\Programas\cocos2d-x-3.13\cocos2d-x-3.13\templates;D:\Bimbozz\USUARIO\Memoria\Programas\cocos2d-x-3.13\cocos2d-x-3.13\tools\cocos2d-console\bin;C:\Users\DDiscua\AppData\Local\atom\bin;C:\Users\DDiscua\AppData\Roaming\npm;D:\Python27;D:\Python27\Lib\site-packages;D:\Python27\Tools;C:\mingw\bin;C:\Program Files (x86)\lua\5.3\bin;D:\Program Files (x86)\Nmap;C:\Users\DDiscua\AppData\Local\Microsoft\WindowsApps;D:\Program Files\Git\usr\bin\vendor_perl;D:\Program Files\Git\usr\bin\core_perl
8 verbose lifecycle client@1.0.0~prestart: CWD: C:\Users\DDiscua\Desktop\DILOYA\DiloYa-Frontend
9 silly lifecycle client@1.0.0~prestart: Args: [ '/d /s /c', 'npm install' ]
10 silly lifecycle client@1.0.0~prestart: Returned: code: 1  signal: null
11 info lifecycle client@1.0.0~prestart: Failed to exec prestart script
12 verbose stack Error: client@1.0.0 prestart: `npm install`
12 verbose stack Exit status 1
12 verbose stack     at EventEmitter.<anonymous> (C:\Users\DDiscua\AppData\Roaming\npm\node_modules\npm\lib\utils\lifecycle.js:232:16)
12 verbose stack     at emitTwo (events.js:87:13)
12 verbose stack     at EventEmitter.emit (events.js:172:7)
12 verbose stack     at ChildProcess.<anonymous> (C:\Users\DDiscua\AppData\Roaming\npm\node_modules\npm\lib\utils\spawn.js:24:14)
12 verbose stack     at emitTwo (events.js:87:13)
12 verbose stack     at ChildProcess.emit (events.js:172:7)
12 verbose stack     at maybeClose (internal/child_process.js:827:16)
12 verbose stack     at Process.ChildProcess._handle.onexit (internal/child_process.js:211:5)
13 verbose pkgid client@1.0.0
14 verbose cwd C:\Users\DDiscua\Desktop\DILOYA\DiloYa-Frontend
15 error Windows_NT 10.0.14393
16 error argv "D:\\Program Files\\nodejs\\node.exe" "C:\\Users\\DDiscua\\AppData\\Roaming\\npm\\node_modules\\npm\\bin\\npm-cli.js" "start"
17 error node v4.4.7
18 error npm  v3.3.12
19 error code ELIFECYCLE
20 error client@1.0.0 prestart: `npm install`
20 error Exit status 1
21 error Failed at the client@1.0.0 prestart script 'npm install'.
21 error Make sure you have the latest version of node.js and npm installed.
21 error If you do, this is most likely a problem with the client package,
21 error not with npm itself.
21 error Tell the author that this fails on your system:
21 error     npm install
21 error You can get their info via:
21 error     npm owner ls client
21 error There is likely additional logging output above.
22 verbose exit [ 1, true ]
